0 info it worked if it ends with ok
1 verbose cli [ '/usr/local/bin/node',
1 verbose cli   '/usr/local/bin/npm',
1 verbose cli   'install',
1 verbose cli   '-S',
1 verbose cli   'libsqlite3' ]
2 info using npm@2.15.8
3 info using node@v4.4.7
4 verbose install initial load of /Users/bailey/Documents/Unearthed2016/package.json
5 verbose installManyTop reading scoped package data from /Users/bailey/Documents/Unearthed2016/node_modules/body-parser/package.json
6 verbose installManyTop reading scoped package data from /Users/bailey/Documents/Unearthed2016/node_modules/cookie-parser/package.json
7 verbose installManyTop reading scoped package data from /Users/bailey/Documents/Unearthed2016/node_modules/debug/package.json
8 verbose installManyTop reading scoped package data from /Users/bailey/Documents/Unearthed2016/node_modules/express/package.json
9 verbose installManyTop reading scoped package data from /Users/bailey/Documents/Unearthed2016/node_modules/hjs/package.json
10 verbose installManyTop reading scoped package data from /Users/bailey/Documents/Unearthed2016/node_modules/morgan/package.json
11 verbose installManyTop reading scoped package data from /Users/bailey/Documents/Unearthed2016/node_modules/serve-favicon/package.json
12 verbose installManyTop reading scoped package data from /Users/bailey/Documents/Unearthed2016/node_modules/socket.io/package.json
13 verbose installManyTop reading scoped package data from /Users/bailey/Documents/Unearthed2016/node_modules/sqlite3/package.json
14 info package.json hjs@0.0.6 No license field.
15 verbose readDependencies loading dependencies from /Users/bailey/Documents/Unearthed2016/package.json
16 silly cache add args [ 'libsqlite3', null ]
17 verbose cache add spec libsqlite3
18 silly cache add parsed spec Result {
18 silly cache add   raw: 'libsqlite3',
18 silly cache add   scope: null,
18 silly cache add   name: 'libsqlite3',
18 silly cache add   rawSpec: '',
18 silly cache add   spec: 'latest',
18 silly cache add   type: 'tag' }
19 silly addNamed libsqlite3@latest
20 verbose addNamed "latest" is being treated as a dist-tag for libsqlite3
21 info addNameTag [ 'libsqlite3', 'latest' ]
22 silly mapToRegistry name libsqlite3
23 silly mapToRegistry using default registry
24 silly mapToRegistry registry https://registry.npmjs.org/
25 silly mapToRegistry data Result {
25 silly mapToRegistry   raw: 'libsqlite3',
25 silly mapToRegistry   scope: null,
25 silly mapToRegistry   name: 'libsqlite3',
25 silly mapToRegistry   rawSpec: '',
25 silly mapToRegistry   spec: 'latest',
25 silly mapToRegistry   type: 'tag' }
26 silly mapToRegistry uri https://registry.npmjs.org/libsqlite3
27 verbose addNameTag registry:https://registry.npmjs.org/libsqlite3 not in flight; fetching
28 verbose request uri https://registry.npmjs.org/libsqlite3
29 verbose request no auth needed
30 info attempt registry request try #1 at 8:37:24 AM
31 verbose request id 4d16ee255cf82f8e
32 http request GET https://registry.npmjs.org/libsqlite3
33 http 404 https://registry.npmjs.org/libsqlite3
34 verbose headers { 'content-type': 'application/json',
34 verbose headers   'cache-control': 'max-age=0',
34 verbose headers   'content-length': '2',
34 verbose headers   'accept-ranges': 'bytes',
34 verbose headers   date: 'Sat, 20 Aug 2016 22:37:24 GMT',
34 verbose headers   via: '1.1 varnish',
34 verbose headers   age: '0',
34 verbose headers   connection: 'keep-alive',
34 verbose headers   'x-served-by': 'cache-syd1626-SYD',
34 verbose headers   'x-cache': 'MISS',
34 verbose headers   'x-cache-hits': '0',
34 verbose headers   'x-timer': 'S1471732644.797552,VS0,VE173',
34 verbose headers   vary: 'Accept-Encoding' }
35 silly get cb [ 404,
35 silly get   { 'content-type': 'application/json',
35 silly get     'cache-control': 'max-age=0',
35 silly get     'content-length': '2',
35 silly get     'accept-ranges': 'bytes',
35 silly get     date: 'Sat, 20 Aug 2016 22:37:24 GMT',
35 silly get     via: '1.1 varnish',
35 silly get     age: '0',
35 silly get     connection: 'keep-alive',
35 silly get     'x-served-by': 'cache-syd1626-SYD',
35 silly get     'x-cache': 'MISS',
35 silly get     'x-cache-hits': '0',
35 silly get     'x-timer': 'S1471732644.797552,VS0,VE173',
35 silly get     vary: 'Accept-Encoding' } ]
36 verbose stack Error: Registry returned 404 for GET on https://registry.npmjs.org/libsqlite3
36 verbose stack     at makeError (/usr/local/lib/node_modules/npm/node_modules/npm-registry-client/lib/request.js:264:12)
36 verbose stack     at CachingRegistryClient.<anonymous> (/usr/local/lib/node_modules/npm/node_modules/npm-registry-client/lib/request.js:242:14)
36 verbose stack     at Request._callback (/usr/local/lib/node_modules/npm/node_modules/npm-registry-client/lib/request.js:172:14)
36 verbose stack     at Request.self.callback (/usr/local/lib/node_modules/npm/node_modules/request/request.js:200:22)
36 verbose stack     at emitTwo (events.js:87:13)
36 verbose stack     at Request.emit (events.js:172:7)
36 verbose stack     at Request.<anonymous> (/usr/local/lib/node_modules/npm/node_modules/request/request.js:1067:10)
36 verbose stack     at emitOne (events.js:82:20)
36 verbose stack     at Request.emit (events.js:169:7)
36 verbose stack     at IncomingMessage.<anonymous> (/usr/local/lib/node_modules/npm/node_modules/request/request.js:988:12)
37 verbose statusCode 404
38 verbose pkgid libsqlite3
39 verbose cwd /Users/bailey/Documents/Unearthed2016
40 error Darwin 15.6.0
41 error argv "/usr/local/bin/node" "/usr/local/bin/npm" "install" "-S" "libsqlite3"
42 error node v4.4.7
43 error npm  v2.15.8
44 error code E404
45 error 404 Registry returned 404 for GET on https://registry.npmjs.org/libsqlite3
45 error 404
45 error 404 'libsqlite3' is not in the npm registry.
45 error 404 You should bug the author to publish it (or use the name yourself!)
45 error 404 It was specified as a dependency of 'harambe'
45 error 404
45 error 404 Note that you can also install from a
45 error 404 tarball, folder, http url, or git url.
46 verbose exit [ 1, true ]
